2024-10-01 11:59:33,089 - petroleum - INFO - Starting pipeline run!
2024-10-01 11:59:33,090 - petroleum - INFO - Getting pipeline environment variables
2024-10-01 11:59:33,091 - petroleum - INFO - Is this getting written to database?
2024-10-01 11:59:33,091 - petroleum - INFO - Creating Petroleum API
2024-10-01 11:59:35,337 - petroleum - INFO - Loading data to postgres database
2024-10-01 11:59:35,441 - petroleum - INFO - Pipeline run successful
2024-10-01 11:59:35,453 - petroleum - INFO - Loading data to postgres database
2024-10-01 11:59:35,551 - petroleum - INFO - Pipeline run successful
2024-10-01 11:59:35,562 - petroleum - INFO - Loading data to postgres database
2024-10-01 11:59:35,660 - petroleum - INFO - Pipeline run successful
2024-10-01 11:59:35,670 - petroleum - INFO - Loading data to postgres database
2024-10-01 11:59:35,771 - petroleum - INFO - Pipeline run successful
2024-10-01 11:59:35,781 - petroleum - INFO - Loading data to postgres database
2024-10-01 11:59:35,879 - petroleum - INFO - Pipeline run successful
2024-10-01 11:59:35,892 - petroleum - INFO - Loading data to postgres database
2024-10-01 11:59:35,991 - petroleum - INFO - Pipeline run successful
2024-10-01 11:59:36,003 - petroleum - INFO - Loading data to postgres database
2024-10-01 11:59:36,101 - petroleum - INFO - Pipeline run successful
2024-10-01 11:59:36,112 - petroleum - INFO - Loading data to postgres database
2024-10-01 11:59:36,211 - petroleum - INFO - Pipeline run successful
2024-10-01 11:59:36,223 - petroleum - INFO - Loading data to postgres database
2024-10-01 11:59:36,322 - petroleum - INFO - Pipeline run successful
2024-10-01 11:59:36,334 - petroleum - INFO - Loading data to postgres database
2024-10-01 11:59:36,431 - petroleum - INFO - Pipeline run successful
