2024-10-01 12:06:05,415 - petroleum - INFO - Getting pipeline environment variables
2024-10-01 12:06:05,416 - petroleum - INFO - Is this getting written to database?
2024-10-01 12:06:05,416 - petroleum - INFO - Creating Petroleum API
2024-10-01 12:06:08,507 - petroleum - INFO - Loading data to postgres database 2024-01, 2024-02 
2024-10-01 12:06:08,709 - petroleum - INFO - Pipeline run successful!
2024-10-01 12:06:08,723 - petroleum - INFO - Loading data to postgres database 2024-02, 2024-03 
2024-10-01 12:06:08,824 - petroleum - INFO - Pipeline run successful!
2024-10-01 12:06:08,836 - petroleum - INFO - Loading data to postgres database 2024-03, 2024-04 
2024-10-01 12:06:08,976 - petroleum - INFO - Pipeline run successful!
2024-10-01 12:06:08,987 - petroleum - INFO - Loading data to postgres database 2024-04, 2024-05 
2024-10-01 12:06:09,087 - petroleum - INFO - Pipeline run successful!
2024-10-01 12:06:09,098 - petroleum - INFO - Loading data to postgres database 2024-05, 2024-06 
2024-10-01 12:06:09,209 - petroleum - INFO - Pipeline run successful!
2024-10-01 12:06:09,221 - petroleum - INFO - Loading data to postgres database 2024-06, 2024-07 
2024-10-01 12:06:09,327 - petroleum - INFO - Pipeline run successful!
2024-10-01 12:06:09,340 - petroleum - INFO - Loading data to postgres database 2024-07, 2024-08 
2024-10-01 12:06:09,443 - petroleum - INFO - Pipeline run successful!
2024-10-01 12:06:09,455 - petroleum - INFO - Loading data to postgres database 2024-08, 2024-09 
2024-10-01 12:06:09,554 - petroleum - INFO - Pipeline run successful!
2024-10-01 12:06:09,566 - petroleum - INFO - Loading data to postgres database 2024-09, 2024-10 
2024-10-01 12:06:09,666 - petroleum - INFO - Pipeline run successful!
2024-10-01 12:06:09,678 - petroleum - INFO - Loading data to postgres database 2024-10, 2024-11 
2024-10-01 12:06:09,780 - petroleum - INFO - Pipeline run successful!
