2024-10-01 12:19:39,638 - petroleum - INFO - Starting pipeline run!
2024-10-01 12:19:39,639 - petroleum - INFO - Getting pipeline environment variables
2024-10-01 12:19:39,639 - petroleum - INFO - Is this getting written to database?
2024-10-01 12:19:39,639 - petroleum - INFO - Creating Petroleum API
2024-10-01 12:19:41,841 - petroleum - INFO - Loading data to postgres database 2024-01, 2024-02 
2024-10-01 12:19:41,958 - petroleum - INFO - Pipeline run successful!
2024-10-01 12:19:41,982 - petroleum - INFO - Loading data to postgres database 2024-02, 2024-03 
2024-10-01 12:19:42,105 - petroleum - INFO - Pipeline run successful!
2024-10-01 12:19:42,123 - petroleum - INFO - Loading data to postgres database 2024-03, 2024-04 
2024-10-01 12:19:42,235 - petroleum - INFO - Pipeline run successful!
2024-10-01 12:19:42,253 - petroleum - INFO - Loading data to postgres database 2024-04, 2024-05 
2024-10-01 12:19:42,393 - petroleum - INFO - Pipeline run successful!
2024-10-01 12:19:42,409 - petroleum - INFO - Loading data to postgres database 2024-05, 2024-06 
2024-10-01 12:19:42,504 - petroleum - INFO - Pipeline run successful!
2024-10-01 12:19:42,521 - petroleum - INFO - Loading data to postgres database 2024-06, 2024-07 
2024-10-01 12:19:42,615 - petroleum - INFO - Pipeline run successful!
2024-10-01 12:19:42,632 - petroleum - INFO - Loading data to postgres database 2024-07, 2024-08 
2024-10-01 12:19:42,726 - petroleum - INFO - Pipeline run successful!
2024-10-01 12:19:42,743 - petroleum - INFO - Loading data to postgres database 2024-08, 2024-09 
2024-10-01 12:19:42,837 - petroleum - INFO - Pipeline run successful!
2024-10-01 12:19:42,853 - petroleum - INFO - Loading data to postgres database 2024-09, 2024-10 
2024-10-01 12:19:42,950 - petroleum - INFO - Pipeline run successful!
2024-10-01 12:19:42,966 - petroleum - INFO - Loading data to postgres database 2024-10, 2024-11 
2024-10-01 12:19:43,062 - petroleum - INFO - Pipeline run successful!
