2024-10-01 12:18:12,925 - petroleum - INFO - Starting pipeline run!
2024-10-01 12:18:12,925 - petroleum - INFO - Getting pipeline environment variables
2024-10-01 12:18:12,926 - petroleum - INFO - Is this getting written to database?
2024-10-01 12:18:12,926 - petroleum - INFO - Creating Petroleum API
2024-10-01 12:18:15,238 - petroleum - INFO - Loading data to postgres database 2024-01, 2024-02 
2024-10-01 12:18:15,340 - petroleum - INFO - Pipeline run successful!
2024-10-01 12:18:15,376 - petroleum - INFO - Loading data to postgres database 2024-02, 2024-03 
2024-10-01 12:18:15,576 - petroleum - INFO - Pipeline run successful!
2024-10-01 12:18:15,612 - petroleum - INFO - Loading data to postgres database 2024-03, 2024-04 
2024-10-01 12:18:15,712 - petroleum - INFO - Pipeline run successful!
2024-10-01 12:18:15,749 - petroleum - INFO - Loading data to postgres database 2024-04, 2024-05 
2024-10-01 12:18:15,852 - petroleum - INFO - Pipeline run successful!
2024-10-01 12:18:15,889 - petroleum - INFO - Loading data to postgres database 2024-05, 2024-06 
2024-10-01 12:18:15,994 - petroleum - INFO - Pipeline run successful!
2024-10-01 12:18:16,031 - petroleum - INFO - Loading data to postgres database 2024-06, 2024-07 
2024-10-01 12:18:16,134 - petroleum - INFO - Pipeline run successful!
2024-10-01 12:18:16,169 - petroleum - INFO - Loading data to postgres database 2024-07, 2024-08 
2024-10-01 12:18:16,282 - petroleum - INFO - Pipeline run successful!
2024-10-01 12:18:16,319 - petroleum - INFO - Loading data to postgres database 2024-08, 2024-09 
2024-10-01 12:18:16,423 - petroleum - INFO - Pipeline run successful!
2024-10-01 12:18:16,460 - petroleum - INFO - Loading data to postgres database 2024-09, 2024-10 
2024-10-01 12:18:16,563 - petroleum - INFO - Pipeline run successful!
2024-10-01 12:18:16,600 - petroleum - INFO - Loading data to postgres database 2024-10, 2024-11 
2024-10-01 12:18:16,720 - petroleum - INFO - Pipeline run successful!
